<?xml version="1.0" encoding="UTF-8"?>
<!-- Generated by org.testng.reporters.JUnitReportReporter -->
<testsuite skipped="0" hostname="DESKTOP-GK61F68" name="com.crm.comcast.organizationtest.CreateORganizationTest" tests="1" failures="0" timestamp="2021-06-04T12:06:31 IST" time="44.979" errors="0">
  <testcase name="createOrgTest" time="44.979" classname="com.crm.comcast.organizationtest.CreateORganizationTest"/>
  <system-out/>
</testsuite> <!-- com.crm.comcast.organizationtest.CreateORganizationTest -->
